<?xml version="1.0" encoding="UTF-8"?>
<testng-results ignored="0" total="6" passed="6" failed="0" skipped="0">
  <reporter-output>
  </reporter-output>
  <suite started-at="2023-08-03T07:38:25Z" name="Suite" finished-at="2023-08-03T07:38:25Z" duration-ms="92">
    <groups>
    </groups>
    <test started-at="2023-08-03T07:38:25Z" name="Test" finished-at="2023-08-03T07:38:25Z" duration-ms="92">
      <class name="Folder1.RESTAPITest">
        <test-method signature="deleteTwitter()[pri:0, instance:Folder1.RESTAPITest@4b213651]" started-at="2023-08-03T13:08:25Z" name="deleteTwitter" finished-at="2023-08-03T13:08:25Z" duration-ms="13" status="PASS">
          <reporter-output>
          </reporter-output>
        </test-method> <!-- deleteTwitter -->
        <test-method signature="postJira()[pri:0, instance:Folder1.RESTAPITest@4b213651]" started-at="2023-08-03T13:08:25Z" name="postJira" finished-at="2023-08-03T13:08:25Z" duration-ms="3" status="PASS">
          <reporter-output>
          </reporter-output>
        </test-method> <!-- postJira -->
      </class> <!-- Folder1.RESTAPITest -->
      <class name="Folder1.AppiumTest">
        <test-method signature="IOSApps()[pri:0, instance:Folder1.AppiumTest@44d52de2]" started-at="2023-08-03T13:08:25Z" name="IOSApps" finished-at="2023-08-03T13:08:25Z" duration-ms="6" status="PASS">
          <reporter-output>
          </reporter-output>
        </test-method> <!-- IOSApps -->
        <test-method signature="NativeAPpAndroid()[pri:0, instance:Folder1.AppiumTest@44d52de2]" started-at="2023-08-03T13:08:25Z" name="NativeAPpAndroid" finished-at="2023-08-03T13:08:25Z" duration-ms="11" status="PASS">
          <reporter-output>
          </reporter-output>
        </test-method> <!-- NativeAPpAndroid -->
      </class> <!-- Folder1.AppiumTest -->
      <class name="Folder1.SeleniumTest">
        <test-method signature="BrowserAUtomation()[pri:0, instance:Folder1.SeleniumTest@95e33cc]" started-at="2023-08-03T13:08:25Z" name="BrowserAUtomation" finished-at="2023-08-03T13:08:25Z" duration-ms="5" status="PASS">
          <reporter-output>
          </reporter-output>
        </test-method> <!-- BrowserAUtomation -->
        <test-method signature="elementsUi()[pri:0, instance:Folder1.SeleniumTest@95e33cc]" started-at="2023-08-03T13:08:25Z" name="elementsUi" finished-at="2023-08-03T13:08:25Z" duration-ms="4" status="PASS">
          <reporter-output>
          </reporter-output>
        </test-method> <!-- elementsUi -->
      </class> <!-- Folder1.SeleniumTest -->
    </test> <!-- Test -->
  </suite> <!-- Suite -->
</testng-results>
