<?xml version="1.0" encoding="UTF-8"?>
<testng-results ignored="0" total="7" passed="7" failed="0" skipped="0">
  <reporter-output>
  </reporter-output>
  <suite started-at="2023-08-08T10:49:24Z" name="Suite" finished-at="2023-08-08T10:49:35Z" duration-ms="10586">
    <groups>
    </groups>
    <test started-at="2023-08-08T10:49:24Z" name="Test" finished-at="2023-08-08T10:49:35Z" duration-ms="10586">
      <class name="Folder1.RESTAPITest">
        <test-method signature="deleteTwitter()[pri:0, instance:Folder1.RESTAPITest@44d52de2]" started-at="2023-08-08T16:19:25Z" name="deleteTwitter" finished-at="2023-08-08T16:19:25Z" duration-ms="11" status="PASS">
          <reporter-output>
          </reporter-output>
        </test-method> <!-- deleteTwitter -->
        <test-method signature="deleteTwitter2()[pri:0, instance:Folder1.RESTAPITest@44d52de2]" started-at="2023-08-08T16:19:25Z" name="deleteTwitter2" finished-at="2023-08-08T16:19:25Z" duration-ms="8" status="PASS">
          <reporter-output>
          </reporter-output>
        </test-method> <!-- deleteTwitter2 -->
        <test-method signature="deleteTwitter3()[pri:0, instance:Folder1.RESTAPITest@44d52de2]" started-at="2023-08-08T16:19:25Z" name="deleteTwitter3" finished-at="2023-08-08T16:19:25Z" duration-ms="5" status="PASS">
          <reporter-output>
          </reporter-output>
        </test-method> <!-- deleteTwitter3 -->
        <test-method signature="postJira()[pri:0, instance:Folder1.RESTAPITest@44d52de2]" started-at="2023-08-08T16:19:25Z" name="postJira" finished-at="2023-08-08T16:19:25Z" duration-ms="9" status="PASS">
          <reporter-output>
          </reporter-output>
        </test-method> <!-- postJira -->
      </class> <!-- Folder1.RESTAPITest -->
      <class name="Folder1.AddingItemsToCartTest">
        <test-method signature="BrowserAUtomation()[pri:0, instance:Folder1.AddingItemsToCartTest@babafc2]" started-at="2023-08-08T16:19:25Z" name="BrowserAUtomation" finished-at="2023-08-08T16:19:35Z" duration-ms="10482" status="PASS">
          <reporter-output>
          </reporter-output>
        </test-method> <!-- BrowserAUtomation -->
      </class> <!-- Folder1.AddingItemsToCartTest -->
      <class name="Folder1.SeleniumTest">
        <test-method signature="BrowserAUtomation()[pri:0, instance:Folder1.SeleniumTest@7393222f]" started-at="2023-08-08T16:19:25Z" name="BrowserAUtomation" finished-at="2023-08-08T16:19:25Z" duration-ms="9" status="PASS">
          <reporter-output>
          </reporter-output>
        </test-method> <!-- BrowserAUtomation -->
        <test-method signature="elementsUi()[pri:0, instance:Folder1.SeleniumTest@7393222f]" started-at="2023-08-08T16:19:25Z" name="elementsUi" finished-at="2023-08-08T16:19:25Z" duration-ms="6" status="PASS">
          <reporter-output>
          </reporter-output>
        </test-method> <!-- elementsUi -->
      </class> <!-- Folder1.SeleniumTest -->
    </test> <!-- Test -->
  </suite> <!-- Suite -->
</testng-results>
