<?xml version="1.0" encoding="UTF-8"?>
<!-- Generated by org.testng.reporters.JUnitXMLReporter -->
<testsuite ignored="0" hostname="DESKTOP-OKN1HQF" failures="0" tests="6" name="Test" time="0.092" errors="0" timestamp="03 Aug 2023 07:38:25 GMT">
  <testcase classname="Folder1.RESTAPITest" name="deleteTwitter" time="0.013"/>
  <testcase classname="Folder1.RESTAPITest" name="postJira" time="0.003"/>
  <testcase classname="Folder1.AppiumTest" name="IOSApps" time="0.006"/>
  <testcase classname="Folder1.AppiumTest" name="NativeAPpAndroid" time="0.011"/>
  <testcase classname="Folder1.SeleniumTest" name="BrowserAUtomation" time="0.005"/>
  <testcase classname="Folder1.SeleniumTest" name="elementsUi" time="0.004"/>
</testsuite> <!-- Test -->
