<?xml version="1.0" encoding="UTF-8"?>
<!-- Generated by org.testng.reporters.JUnitXMLReporter -->
<testsuite ignored="0" hostname="DESKTOP-OKN1HQF" failures="0" tests="7" name="Test" time="10.586" errors="0" timestamp="08 Aug 2023 10:49:35 GMT">
  <testcase classname="Folder1.RESTAPITest" name="deleteTwitter" time="0.011"/>
  <testcase classname="Folder1.RESTAPITest" name="deleteTwitter2" time="0.008"/>
  <testcase classname="Folder1.RESTAPITest" name="deleteTwitter3" time="0.005"/>
  <testcase classname="Folder1.RESTAPITest" name="postJira" time="0.009"/>
  <testcase classname="Folder1.SeleniumTest" name="BrowserAUtomation" time="0.009"/>
  <testcase classname="Folder1.SeleniumTest" name="elementsUi" time="0.006"/>
  <testcase classname="Folder1.AddingItemsToCartTest" name="BrowserAUtomation" time="10.482"/>
</testsuite> <!-- Test -->
